<?xml version="1.0" encoding="UTF-8"?>
<testsuite xmlns:xsi="http://www.w3.org/2001/XMLSchema-instance" xsi:noNamespaceSchemaLocation="https://maven.apache.org/surefire/maven-surefire-plugin/xsd/surefire-test-report-3.0.xsd" version="3.0" name="com.selenium.bmi.runner.TestRunner" time="15.597" tests="1" errors="0" skipped="0" failures="0">
  <properties>
[...]
</properties>
  <testcase name="runScenario[&quot;Calculate BMI successfully&quot;, &quot;BMI Calculator&quot;](1)" classname="com.selenium.bmi.runner.TestRunner" time="14.291">
    <system-out><![CDATA[
Scenario: Calculate BMI successfully                 # src/test/resources/features/bmi.feature:4
  Given I open the BMI calculator page               # com.selenium.bmi.steps.BmiSteps.open_page()
  When I enter age "30" height "175" and weight "75" # com.selenium.bmi.steps.BmiSteps.enter_data(java.lang.String,java.lang.String,java.lang.String)
  And I click Calculate                              # com.selenium.bmi.steps.BmiSteps.click_calculate()
  Then I should see the BMI result displayed         # com.selenium.bmi.steps.BmiSteps.verify_result()
]]></system-out>
    <system-err><![CDATA[SLF4J(W): No SLF4J providers were found.
SLF4J(W): Defaulting to no-operation (NOP) logger implementation
SLF4J(W): See https://www.slf4j.org/codes.html#noProviders for further details.
Nov 10, 2025 3:48:26 PM org.openqa.selenium.devtools.CdpVersionFinder findNearestMatch
WARNING: Unable to find CDP implementation matching 142
Nov 10, 2025 3:48:26 PM org.openqa.selenium.chromium.ChromiumDriver lambda$new$5
WARNING: Unable to find version of CDP to use for 142.0.7444.60. You may need to include a dependency on a specific version of the CDP using something similar to `org.seleniumhq.selenium:selenium-devtools-v86:4.22.0` where the version ("v86") matches the version of the chromium-based browser you're using and the version number of the artifact is the same as Selenium's.
]]></system-err>
  </testcase>
</testsuite>