<?xml version="1.0" encoding="UTF-8"?>
<testng-results ignored="0" total="3" passed="3" failed="0" skipped="0">
  <reporter-output>
  </reporter-output>
  <suite started-at="2025-11-10T15:47:31 IST" name="Surefire suite" finished-at="2025-11-10T15:48:13 IST" duration-ms="42312">
    <groups>
    </groups>
    <test started-at="2025-11-10T15:47:31 IST" name="Surefire test" finished-at="2025-11-10T15:48:13 IST" duration-ms="42312">
      <class name="com.selenium.orangehrm.tests.RecruitmentTest">
        <test-method is-config="true" signature="setup()[pri:0, instance:com.selenium.orangehrm.tests.RecruitmentTest@1b1473ab]" started-at="2025-11-10T15:48:03 IST" name="setup" finished-at="2025-11-10T15:48:05 IST" duration-ms="1645" status="PASS">
          <reporter-output>
          </reporter-output>
        </test-method> <!-- setup -->
        <test-method signature="testRecruitmentBasicFlow()[pri:0, instance:com.selenium.orangehrm.tests.RecruitmentTest@1b1473ab]" started-at="2025-11-10T15:48:05 IST" name="testRecruitmentBasicFlow" finished-at="2025-11-10T15:48:13 IST" duration-ms="7864" status="PASS">
          <reporter-output>
          </reporter-output>
        </test-method> <!-- testRecruitmentBasicFlow -->
        <test-method is-config="true" signature="tearDown()[pri:0, instance:com.selenium.orangehrm.tests.RecruitmentTest@1b1473ab]" started-at="2025-11-10T15:48:13 IST" name="tearDown" finished-at="2025-11-10T15:48:13 IST" duration-ms="400" status="PASS">
          <reporter-output>
          </reporter-output>
        </test-method> <!-- tearDown -->
      </class> <!-- com.selenium.orangehrm.tests.RecruitmentTest -->
      <class name="com.selenium.orangehrm.tests.LoginTest">
        <test-method is-config="true" signature="setup()[pri:0, instance:com.selenium.orangehrm.tests.LoginTest@149e0f5d]" started-at="2025-11-10T15:47:54 IST" name="setup" finished-at="2025-11-10T15:47:56 IST" duration-ms="1782" status="PASS">
          <reporter-output>
          </reporter-output>
        </test-method> <!-- setup -->
        <test-method signature="testLoginSuccess()[pri:0, instance:com.selenium.orangehrm.tests.LoginTest@149e0f5d]" started-at="2025-11-10T15:47:56 IST" name="testLoginSuccess" finished-at="2025-11-10T15:48:03 IST" duration-ms="7326" status="PASS">
          <reporter-output>
          </reporter-output>
        </test-method> <!-- testLoginSuccess -->
        <test-method is-config="true" signature="tearDown()[pri:0, instance:com.selenium.orangehrm.tests.LoginTest@149e0f5d]" started-at="2025-11-10T15:48:03 IST" name="tearDown" finished-at="2025-11-10T15:48:03 IST" duration-ms="267" status="PASS">
          <reporter-output>
          </reporter-output>
        </test-method> <!-- tearDown -->
      </class> <!-- com.selenium.orangehrm.tests.LoginTest -->
      <class name="com.selenium.orangehrm.tests.LeaveTest">
        <test-method is-config="true" signature="setup()[pri:0, instance:com.selenium.orangehrm.tests.LeaveTest@7f552bd3]" started-at="2025-11-10T15:47:31 IST" name="setup" finished-at="2025-11-10T15:47:42 IST" duration-ms="11315" status="PASS">
          <reporter-output>
          </reporter-output>
        </test-method> <!-- setup -->
        <test-method signature="testMyLeavePageNavigation()[pri:0, instance:com.selenium.orangehrm.tests.LeaveTest@7f552bd3]" started-at="2025-11-10T15:47:42 IST" name="testMyLeavePageNavigation" finished-at="2025-11-10T15:47:54 IST" duration-ms="11279" status="PASS">
          <reporter-output>
          </reporter-output>
        </test-method> <!-- testMyLeavePageNavigation -->
        <test-method is-config="true" signature="tearDown()[pri:0, instance:com.selenium.orangehrm.tests.LeaveTest@7f552bd3]" started-at="2025-11-10T15:47:54 IST" name="tearDown" finished-at="2025-11-10T15:47:54 IST" duration-ms="389" status="PASS">
          <reporter-output>
          </reporter-output>
        </test-method> <!-- tearDown -->
      </class> <!-- com.selenium.orangehrm.tests.LeaveTest -->
    </test> <!-- Surefire test -->
  </suite> <!-- Surefire suite -->
</testng-results>
