<?xml version="1.0" encoding="UTF-8"?>
<!-- Generated by org.testng.reporters.JUnitXMLReporter -->
<testsuite ignored="0" hostname="Dayforce3dGnaFf" failures="0" tests="7" name="Surefire test" time="2.493" errors="0" timestamp="2025-11-10T15:48:19 IST">
  <testcase classname="com.selenium.reqres.tests.CreateUserTest" name="createUser" time="1.593"/>
  <testcase classname="com.selenium.reqres.tests.DeleteUserTest" name="deleteUser" time="0.028"/>
  <testcase classname="com.selenium.reqres.tests.GetUserTest" name="testGetListUsers" time="0.073"/>
  <testcase classname="com.selenium.reqres.tests.GetUserTest" name="testGetSingleUser" time="0.076"/>
  <testcase classname="com.selenium.reqres.tests.GetUserTest" name="testGetSingleUserNotFound" time="0.015"/>
  <testcase classname="com.selenium.reqres.tests.UpdateUserTest" name="updateUser" time="0.126"/>
  <testcase classname="com.selenium.reqres.tests.UpdateUserTest" name="partialUpdateUser" time="0.085"/>
</testsuite> <!-- Surefire test -->
