<?xml version="1.0" encoding="UTF-8"?>
<testsuite xmlns:xsi="http://www.w3.org/2001/XMLSchema-instance" xsi:noNamespaceSchemaLocation="https://maven.apache.org/surefire/maven-surefire-plugin/xsd/surefire-test-report-3.0.xsd" version="3.0" name="TestSuite" time="3.224" tests="7" errors="0" skipped="0" failures="0">
  <properties>
[...]
</properties>
  <testcase name="createUser" classname="com.selenium.reqres.tests.CreateUserTest" time="1.593">
    <system-err><![CDATA[SLF4J: Failed to load class "org.slf4j.impl.StaticLoggerBinder".
SLF4J: Defaulting to no-operation (NOP) logger implementation
SLF4J: See http://www.slf4j.org/codes.html#StaticLoggerBinder for further details.
]]></system-err>
  </testcase>
  <testcase name="deleteUser" classname="com.selenium.reqres.tests.DeleteUserTest" time="0.028"/>
  <testcase name="testGetListUsers" classname="com.selenium.reqres.tests.GetUserTest" time="0.073"/>
  <testcase name="testGetSingleUser" classname="com.selenium.reqres.tests.GetUserTest" time="0.077"/>
  <testcase name="testGetSingleUserNotFound" classname="com.selenium.reqres.tests.GetUserTest" time="0.015"/>
  <testcase name="updateUser" classname="com.selenium.reqres.tests.UpdateUserTest" time="0.126"/>
  <testcase name="partialUpdateUser" classname="com.selenium.reqres.tests.UpdateUserTest" time="0.085"/>
</testsuite>