<?xml version="1.0" encoding="UTF-8"?>
<testng-results ignored="0" total="7" passed="7" failed="0" skipped="0">
  <reporter-output>
  </reporter-output>
  <suite started-at="2025-11-10T15:48:17 IST" name="Surefire suite" finished-at="2025-11-10T15:48:19 IST" duration-ms="2493">
    <groups>
    </groups>
    <test started-at="2025-11-10T15:48:17 IST" name="Surefire test" finished-at="2025-11-10T15:48:19 IST" duration-ms="2493">
      <class name="com.selenium.reqres.tests.GetUserTest">
        <test-method is-config="true" signature="setup()[pri:0, instance:com.selenium.reqres.tests.GetUserTest@778d1062]" started-at="2025-11-10T15:48:19 IST" name="setup" finished-at="2025-11-10T15:48:19 IST" duration-ms="5" status="PASS">
          <reporter-output>
          </reporter-output>
        </test-method> <!-- setup -->
        <test-method signature="testGetListUsers()[pri:1, instance:com.selenium.reqres.tests.GetUserTest@778d1062]" started-at="2025-11-10T15:48:19 IST" name="testGetListUsers" finished-at="2025-11-10T15:48:19 IST" duration-ms="73" status="PASS">
          <reporter-output>
          </reporter-output>
        </test-method> <!-- testGetListUsers -->
        <test-method signature="testGetSingleUser()[pri:2, instance:com.selenium.reqres.tests.GetUserTest@778d1062]" started-at="2025-11-10T15:48:19 IST" name="testGetSingleUser" finished-at="2025-11-10T15:48:19 IST" duration-ms="76" status="PASS">
          <reporter-output>
          </reporter-output>
        </test-method> <!-- testGetSingleUser -->
        <test-method signature="testGetSingleUserNotFound()[pri:3, instance:com.selenium.reqres.tests.GetUserTest@778d1062]" started-at="2025-11-10T15:48:19 IST" name="testGetSingleUserNotFound" finished-at="2025-11-10T15:48:19 IST" duration-ms="15" status="PASS">
          <reporter-output>
          </reporter-output>
        </test-method> <!-- testGetSingleUserNotFound -->
      </class> <!-- com.selenium.reqres.tests.GetUserTest -->
      <class name="com.selenium.reqres.tests.DeleteUserTest">
        <test-method is-config="true" signature="setup()[pri:0, instance:com.selenium.reqres.tests.DeleteUserTest@2b6faea6]" started-at="2025-11-10T15:48:19 IST" name="setup" finished-at="2025-11-10T15:48:19 IST" duration-ms="4" status="PASS">
          <reporter-output>
          </reporter-output>
        </test-method> <!-- setup -->
        <test-method signature="deleteUser()[pri:0, instance:com.selenium.reqres.tests.DeleteUserTest@2b6faea6]" started-at="2025-11-10T15:48:19 IST" name="deleteUser" finished-at="2025-11-10T15:48:19 IST" duration-ms="28" status="PASS">
          <reporter-output>
          </reporter-output>
        </test-method> <!-- deleteUser -->
      </class> <!-- com.selenium.reqres.tests.DeleteUserTest -->
      <class name="com.selenium.reqres.tests.UpdateUserTest">
        <test-method signature="updateUser()[pri:1, instance:com.selenium.reqres.tests.UpdateUserTest@670002]" started-at="2025-11-10T15:48:19 IST" name="updateUser" finished-at="2025-11-10T15:48:19 IST" duration-ms="126" status="PASS">
          <reporter-output>
          </reporter-output>
        </test-method> <!-- updateUser -->
        <test-method is-config="true" signature="setup()[pri:0, instance:com.selenium.reqres.tests.UpdateUserTest@670002]" started-at="2025-11-10T15:48:19 IST" name="setup" finished-at="2025-11-10T15:48:19 IST" duration-ms="0" status="PASS">
          <reporter-output>
          </reporter-output>
        </test-method> <!-- setup -->
        <test-method signature="partialUpdateUser()[pri:2, instance:com.selenium.reqres.tests.UpdateUserTest@670002]" started-at="2025-11-10T15:48:19 IST" name="partialUpdateUser" finished-at="2025-11-10T15:48:19 IST" duration-ms="85" status="PASS">
          <reporter-output>
          </reporter-output>
        </test-method> <!-- partialUpdateUser -->
      </class> <!-- com.selenium.reqres.tests.UpdateUserTest -->
      <class name="com.selenium.reqres.tests.CreateUserTest">
        <test-method is-config="true" signature="setup()[pri:0, instance:com.selenium.reqres.tests.CreateUserTest@1e802ef9]" started-at="2025-11-10T15:48:17 IST" name="setup" finished-at="2025-11-10T15:48:17 IST" duration-ms="432" status="PASS">
          <reporter-output>
          </reporter-output>
        </test-method> <!-- setup -->
        <test-method signature="createUser()[pri:1, instance:com.selenium.reqres.tests.CreateUserTest@1e802ef9]" started-at="2025-11-10T15:48:17 IST" name="createUser" finished-at="2025-11-10T15:48:19 IST" duration-ms="1593" status="PASS">
          <reporter-output>
          </reporter-output>
        </test-method> <!-- createUser -->
      </class> <!-- com.selenium.reqres.tests.CreateUserTest -->
    </test> <!-- Surefire test -->
  </suite> <!-- Surefire suite -->
</testng-results>
