<?xml version="1.0" encoding="UTF-8"?>
<!-- Generated by org.testng.reporters.JUnitXMLReporter -->
<testsuite ignored="0" hostname="Dayforce3dGnaFf" failures="0" tests="3" name="Surefire test" time="42.312" errors="0" timestamp="2025-11-10T15:48:13 IST">
  <testcase classname="com.selenium.orangehrm.tests.LeaveTest" name="testMyLeavePageNavigation" time="11.279"/>
  <testcase classname="com.selenium.orangehrm.tests.LoginTest" name="testLoginSuccess" time="7.326"/>
  <testcase classname="com.selenium.orangehrm.tests.RecruitmentTest" name="testRecruitmentBasicFlow" time="7.864"/>
</testsuite> <!-- Surefire test -->
