<?xml version="1.0" encoding="UTF-8"?>
<!-- Generated by org.testng.reporters.JUnitReportReporter -->
<testsuite hostname="Dayforce3dGnaFf" failures="0" tests="3" name="com.selenium.reqres.tests.GetUserTest" time="0.164" errors="0" timestamp="2025-11-10T15:48:20 IST" skipped="0">
  <testcase classname="com.selenium.reqres.tests.GetUserTest" name="testGetListUsers" time="0.073"/>
  <testcase classname="com.selenium.reqres.tests.GetUserTest" name="testGetSingleUser" time="0.076"/>
  <testcase classname="com.selenium.reqres.tests.GetUserTest" name="testGetSingleUserNotFound" time="0.015"/>
</testsuite> <!-- com.selenium.reqres.tests.GetUserTest -->
