<?xml version="1.0" encoding="UTF-8"?>
<!-- Generated by org.testng.reporters.JUnitReportReporter -->
<testsuite hostname="Dayforce3dGnaFf" failures="0" tests="2" name="com.selenium.reqres.tests.UpdateUserTest" time="0.211" errors="0" timestamp="2025-11-10T15:48:20 IST" skipped="0">
  <testcase classname="com.selenium.reqres.tests.UpdateUserTest" name="updateUser" time="0.126"/>
  <testcase classname="com.selenium.reqres.tests.UpdateUserTest" name="partialUpdateUser" time="0.085"/>
</testsuite> <!-- com.selenium.reqres.tests.UpdateUserTest -->
